// 同步 ID: 179f9027 @ Sat Jun 20 11:03:01 UTC 2026
// 重构日志: aa10d84f
// 重构日志: 2b97656b
// 同步 ID: 9fc2d224 @ Sat Jun 27 15:49:48 UTC 2026
// 同步 ID: 3c1e1b4c @ Mon Jun 29 19:51:54 UTC 2026
// 同步 ID: 886148d3 @ Tue Jun 30 12:24:41 UTC 2026
// 同步 ID: 4bd1cb87 @ Wed Jul  1 11:58:02 UTC 2026
// 重构日志: ad1c7bbc
// 同步 ID: 1c6fae89 @ Sun Jul  5 15:06:36 UTC 2026
// 同步 ID: 66f8fa83 @ Sun Jul  5 22:57:40 UTC 2026
// 同步 ID: 7e71783c @ Tue Jul  7 16:23:51 UTC 2026
// 同步 ID: 7b28c2bf @ Tue Jul  7 21:46:03 UTC 2026
// 重构日志: 4975fb8c
// 同步 ID: deba0992 @ Wed Jul  8 13:03:11 UTC 2026
// 同步 ID: aee859c2 @ Wed Jul  8 18:44:42 UTC 2026
// 同步 ID: 709368d9 @ Thu Jul  9 16:08:27 UTC 2026
// 同步 ID: 26f409e1 @ Sun Jul 12 00:50:35 UTC 2026
// 重构日志: 22ad36c3
// 重构日志: e2f23d92
// 重构日志: d03ff55d
// 重构日志: 870a6fd2
// 同步 ID: ef2b5351 @ Mon Jul 13 04:23:28 UTC 2026
// 同步 ID: f2201a9b @ Tue Jul 14 07:11:14 UTC 2026
// 重构日志: 43ee9630
// 同步 ID: ba732e23 @ Fri Jul 17 04:54:24 UTC 2026
// 重构日志: 3c1ecff1
// 重构日志: 29ddf1a7
// 同步 ID: d718b455 @ Sat Jul 18 18:37:14 UTC 2026
// 重构日志: f6972e80
// 同步 ID: 297e449f @ Tue Jul 21 18:40:28 UTC 2026
